<?xml version="1.0" encoding="UTF-8"?>
<testng-results ignored="0" total="1" passed="1" failed="0" skipped="0">
  <reporter-output>
  </reporter-output>
  <suite started-at="2022-10-21T18:36:34 IST" name="Suite" finished-at="2022-10-21T18:36:43 IST" duration-ms="8786">
    <groups>
    </groups>
    <test started-at="2022-10-21T18:36:34 IST" name="LoginPage" finished-at="2022-10-21T18:36:43 IST" duration-ms="8786">
      <class name="testcases.LoginPage">
        <test-method is-config="true" signature="setup(java.lang.String)[pri:0, instance:testcases.LoginPage@8519cb4]" started-at="2022-10-21T18:36:34 IST" name="setup" finished-at="2022-10-21T18:36:41 IST" duration-ms="6769" status="PASS">
          <params>
            <param index="0">
              <value>
                <![CDATA[chrome]]>
              </value>
            </param>
          </params>
          <reporter-output>
          </reporter-output>
        </test-method> <!-- setup -->
        <test-method signature="SignIn()[pri:1, instance:testcases.LoginPage@8519cb4]" started-at="2022-10-21T18:36:41 IST" name="SignIn" finished-at="2022-10-21T18:36:42 IST" duration-ms="1150" status="PASS">
          <reporter-output>
          </reporter-output>
        </test-method> <!-- SignIn -->
        <test-method is-config="true" signature="closeBrowser()[pri:0, instance:testcases.LoginPage@8519cb4]" started-at="2022-10-21T18:36:42 IST" name="closeBrowser" finished-at="2022-10-21T18:36:43 IST" duration-ms="695" status="PASS">
          <reporter-output>
          </reporter-output>
        </test-method> <!-- closeBrowser -->
      </class> <!-- testcases.LoginPage -->
    </test> <!-- LoginPage -->
  </suite> <!-- Suite -->
</testng-results>
